<?xml version="1.0" encoding="UTF-8"?>
<!-- Generated by org.testng.reporters.JUnitXMLReporter -->
<testsuite hostname="USER-20160905MH" name="login1" tests="3" failures="3" timestamp="8 May 2018 06:56:02 GMT" time="16.714" errors="0">
  <testcase name="checkTitle" time="4.446" classname="cn.selenium.testng.PCSEOTdkTest">
    <failure type="java.lang.AssertionError" message="页面的keywords值与预期相等 expected [手机游戏下载,手机网游下载,手机网游免费下载,手机游戏免费下载   ] but found [手机游戏下载,手机网游下载,手机网游免费下载,手机游戏免费下载]">
      <![CDATA[java.lang.AssertionError: 页面的keywords值与预期相等 expected [手机游戏下载,手机网游下载,手机网游免费下载,手机游戏免费下载   ] but found [手机游戏下载,手机网游下载,手机网游免费下载,手机游戏免费下载]
	at cn.selenium.method.AssertMethod.page_Keywords_Should_Equals(AssertMethod.java:160)
	at cn.selenium.testng.PCSEOTdkTest.checkTitle(PCSEOTdkTest.java:31)
	at java.util.concurrent.FutureTask.run(FutureTask.java:266)
	at java.util.concurrent.Executors$RunnableAdapter.call(Executors.java:511)
	at java.util.concurrent.FutureTask.run(FutureTask.java:266)
	at java.util.concurrent.ThreadPoolExecutor.runWorker(ThreadPoolExecutor.java:1149)
	at java.util.concurrent.ThreadPoolExecutor$Worker.run(ThreadPoolExecutor.java:624)
	at java.lang.Thread.run(Thread.java:748)
... Removed 13 stack frames]]>
    </failure>
  </testcase> <!-- checkTitle -->
  <testcase name="checkTitle" time="5.498" classname="cn.selenium.testng.PCSEOTdkTest">
    <failure type="java.lang.AssertionError" message="页面的keywords值与预期相等 expected [手游交易,手游交易平台,手机游戏交易平台,手游账号交易,道具交易,装备交易,游戏币交易,首充号,游戏代练,苹果代充   ] but found [手游交易,手游交易平台,手机游戏交易平台,交易平台,手游,手机游戏,手游账号交易,道具交易,装备交易,游戏币交易,首充号,游戏代练,苹果代充]">
      <![CDATA[java.lang.AssertionError: 页面的keywords值与预期相等 expected [手游交易,手游交易平台,手机游戏交易平台,手游账号交易,道具交易,装备交易,游戏币交易,首充号,游戏代练,苹果代充   ] but found [手游交易,手游交易平台,手机游戏交易平台,交易平台,手游,手机游戏,手游账号交易,道具交易,装备交易,游戏币交易,首充号,游戏代练,苹果代充]
	at cn.selenium.method.AssertMethod.page_Keywords_Should_Equals(AssertMethod.java:160)
	at cn.selenium.testng.PCSEOTdkTest.checkTitle(PCSEOTdkTest.java:31)
	at java.util.concurrent.FutureTask.run(FutureTask.java:266)
	at java.util.concurrent.Executors$RunnableAdapter.call(Executors.java:511)
	at java.util.concurrent.FutureTask.run(FutureTask.java:266)
	at java.util.concurrent.ThreadPoolExecutor.runWorker(ThreadPoolExecutor.java:1149)
	at java.util.concurrent.ThreadPoolExecutor$Worker.run(ThreadPoolExecutor.java:624)
	at java.lang.Thread.run(Thread.java:748)
... Removed 13 stack frames]]>
    </failure>
  </testcase> <!-- checkTitle -->
  <testcase name="checkTitle" time="2.7" classname="cn.selenium.testng.PCSEOTdkTest">
    <failure type="java.lang.AssertionError" message="页面的keywords值与预期相等 expected [热门手机游戏,手机游戏免费下载   ] but found [热门手机游戏,手机游戏免费下载]">
      <![CDATA[java.lang.AssertionError: 页面的keywords值与预期相等 expected [热门手机游戏,手机游戏免费下载   ] but found [热门手机游戏,手机游戏免费下载]
	at cn.selenium.method.AssertMethod.page_Keywords_Should_Equals(AssertMethod.java:160)
	at cn.selenium.testng.PCSEOTdkTest.checkTitle(PCSEOTdkTest.java:31)
	at java.util.concurrent.FutureTask.run(FutureTask.java:266)
	at java.util.concurrent.Executors$RunnableAdapter.call(Executors.java:511)
	at java.util.concurrent.FutureTask.run(FutureTask.java:266)
	at java.util.concurrent.ThreadPoolExecutor.runWorker(ThreadPoolExecutor.java:1149)
	at java.util.concurrent.ThreadPoolExecutor$Worker.run(ThreadPoolExecutor.java:624)
	at java.lang.Thread.run(Thread.java:748)
... Removed 13 stack frames]]>
    </failure>
  </testcase> <!-- checkTitle -->
</testsuite> <!-- login1 -->
