<?xml version="1.0" encoding="UTF-8"?>
<testsuite name="test"
           tests="2"
           failures="1"
           errors="0"
           skipped="0"
           time="0.008">
  <properties />
            <testcase name="test2" time="0.004" classname="cn.selenium.testng.TestNG_Demo1">
                <failure type="java.lang.ArithmeticException"
                  message="/ by zero"
              >
<![CDATA[java.lang.ArithmeticException: / by zero
  cn.selenium.testng.TestNG_Demo1.test2(TestNG_Demo1.java:13)
  sun.reflect.NativeMethodAccessorImpl.invoke0(Native Method)
  sun.reflect.NativeMethodAccessorImpl.invoke(NativeMethodAccessorImpl.java:62)
  sun.reflect.DelegatingMethodAccessorImpl.invoke(DelegatingMethodAccessorImpl.java:43)
  java.lang.reflect.Method.invoke(Method.java:498)
  org.testng.internal.MethodInvocationHelper.invokeMethod(MethodInvocationHelper.java:85)
  org.testng.internal.Invoker.invokeMethod(Invoker.java:639)
  org.testng.internal.Invoker.invokeTestMethod(Invoker.java:816)
  org.testng.internal.Invoker.invokeTestMethods(Invoker.java:1124)
  org.testng.internal.TestMethodWorker.invokeTestMethods(TestMethodWorker.java:125)
  org.testng.internal.TestMethodWorker.run(TestMethodWorker.java:108)
  java.util.concurrent.ThreadPoolExecutor.runWorker(ThreadPoolExecutor.java:1149)
  java.util.concurrent.ThreadPoolExecutor$Worker.run(ThreadPoolExecutor.java:624)
  java.lang.Thread.run(Thread.java:748)
]]>
      </failure>

          </testcase>
  
  
            <testcase name="test1" time="0.004" classname="cn.selenium.testng.TestNG_Demo1" />
      
</testsuite>
