<?xml version="1.0" encoding="UTF-8"?>
<!-- Generated by org.testng.reporters.JUnitReportReporter -->
<testsuite hostname="USER-20160905MH" name="cn.selenium.testng.PCSEOTdkTest" tests="3" failures="1" timestamp="8 May 2018 10:09:43 GMT" time="27.158" errors="0">
  <testcase name="checkTDK" time="10.159" classname="cn.selenium.testng.PCSEOTdkTest"/>
  <testcase name="checkTDK" time="9.542" classname="cn.selenium.testng.PCSEOTdkTest">
    <failure type="java.lang.AssertionError" message="页面的keywords值与预期不相等 expected [手游交易,手游交易平台,手机游戏交易平台,手游账号交易,道具交易,装备交易,游戏币交易,首充号,游戏代练,苹果代充] but found [手游交易,手游交易平台,手机游戏交易平台,交易平台,手游,手机游戏,手游账号交易,道具交易,装备交易,游戏币交易,首充号,游戏代练,苹果代充]">
      <![CDATA[java.lang.AssertionError: 页面的keywords值与预期不相等 expected [手游交易,手游交易平台,手机游戏交易平台,手游账号交易,道具交易,装备交易,游戏币交易,首充号,游戏代练,苹果代充] but found [手游交易,手游交易平台,手机游戏交易平台,交易平台,手游,手机游戏,手游账号交易,道具交易,装备交易,游戏币交易,首充号,游戏代练,苹果代充]
	at org.testng.Assert.fail(Assert.java:94)
	at org.testng.Assert.failNotEquals(Assert.java:496)
	at org.testng.Assert.assertEquals(Assert.java:125)
	at org.testng.Assert.assertEquals(Assert.java:178)
	at cn.selenium.method.AssertMethod.page_Keywords_Should_Equals(AssertMethod.java:160)
	at cn.selenium.testng.PCSEOTdkTest.checkTDK(PCSEOTdkTest.java:31)
	at sun.reflect.NativeMethodAccessorImpl.invoke0(Native Method)
	at sun.reflect.NativeMethodAccessorImpl.invoke(NativeMethodAccessorImpl.java:62)
	at sun.reflect.DelegatingMethodAccessorImpl.invoke(DelegatingMethodAccessorImpl.java:43)
	at java.lang.reflect.Method.invoke(Method.java:498)
	at org.testng.internal.MethodInvocationHelper.invokeMethod(MethodInvocationHelper.java:85)
	at org.testng.internal.Invoker.invokeMethod(Invoker.java:639)
	at org.testng.internal.Invoker.invokeTestMethod(Invoker.java:816)
	at org.testng.internal.TestMethodWithDataProviderMethodWorker.call(TestMethodWithDataProviderMethodWorker.java:75)
	at org.testng.internal.TestMethodWithDataProviderMethodWorker.call(TestMethodWithDataProviderMethodWorker.java:14)
	at java.util.concurrent.FutureTask.run(FutureTask.java:266)
	at java.util.concurrent.Executors$RunnableAdapter.call(Executors.java:511)
	at java.util.concurrent.FutureTask.run(FutureTask.java:266)
	at java.util.concurrent.ThreadPoolExecutor.runWorker(ThreadPoolExecutor.java:1149)
	at java.util.concurrent.ThreadPoolExecutor$Worker.run(ThreadPoolExecutor.java:624)
	at java.lang.Thread.run(Thread.java:748)
]]>
    </failure>
  </testcase> <!-- checkTDK -->
  <testcase name="checkTDK" time="7.457" classname="cn.selenium.testng.PCSEOTdkTest"/>
</testsuite> <!-- cn.selenium.testng.PCSEOTdkTest -->
